[   24642ms] [WARNING] An iframe which has both allow-scripts and allow-same-origin for its sandbox attribute can escape its sandboxing. @ about:srcdoc:0
[   25108ms] [WARNING] cdn.tailwindcss.com should not be used in production. To use Tailwind CSS in production, install it as a PostCSS plugin or use the Tailwind CLI: https://tailwindcss.com/docs/installation @ https://cdn.tailwindcss.com/:63
[   25885ms] [ERROR] Failed to load app: SyntaxError: The requested module 'lucide-react' does not provide an export named 'Github' @ about:srcdoc:144
[   25886ms] [ERROR] Import map: {
  "imports": {
    "react": "https://esm.sh/react",
    "react-dom": "https://esm.sh/react-dom@19",
    "react-dom/client": "https://esm.sh/react-dom@19/client",
    "react/jsx-runtime": "https://esm.sh/react@19/jsx-runtime",
    "react/jsx-dev-runtime": "https://esm.sh/react@19/jsx-dev-runtime",
    "lucide-react": "https://esm.sh/lucide-react",
    "/App.jsx": "blob:http://localhost:3000/66d620f8-1198-45dc-918a-3442202c2786",
    "App.jsx": "blob:http://localhost:3000/66d620f8-1198-45dc-918a-3442202c2786",
    "@/App.jsx": "blob:http://localhost:3000/66d620f8-1198-45dc-918a-3442202c2786",
    "/App": "blob:http://localhost:3000/66d620f8-1198-45dc-918a-3442202c2786",
    "App": "blob:http://localhost:3000/66d620f8-1198-45dc-918a-3442202c2786",
    "@/App": "blob:http://localhost:3000/66d620f8-1198-45dc-918a-3442202c2786"
  }
} @ about:srcdoc:145
[  102117ms] [WARNING] An iframe which has both allow-scripts and allow-same-origin for its sandbox attribute can escape its sandboxing. @ about:srcdoc:0
[  102160ms] [WARNING] cdn.tailwindcss.com should not be used in production. To use Tailwind CSS in production, install it as a PostCSS plugin or use the Tailwind CLI: https://tailwindcss.com/docs/installation @ https://cdn.tailwindcss.com/:63
[  102248ms] [ERROR] Failed to load app: SyntaxError: The requested module 'lucide-react' does not provide an export named 'Github' @ about:srcdoc:144
[  102248ms] [ERROR] Import map: {
  "imports": {
    "react": "https://esm.sh/react",
    "react-dom": "https://esm.sh/react-dom@19",
    "react-dom/client": "https://esm.sh/react-dom@19/client",
    "react/jsx-runtime": "https://esm.sh/react@19/jsx-runtime",
    "react/jsx-dev-runtime": "https://esm.sh/react@19/jsx-dev-runtime",
    "lucide-react": "https://esm.sh/lucide-react",
    "/App.jsx": "blob:http://localhost:3000/09813d5d-a877-4ee9-a474-9143df6e07a5",
    "App.jsx": "blob:http://localhost:3000/09813d5d-a877-4ee9-a474-9143df6e07a5",
    "@/App.jsx": "blob:http://localhost:3000/09813d5d-a877-4ee9-a474-9143df6e07a5",
    "/App": "blob:http://localhost:3000/09813d5d-a877-4ee9-a474-9143df6e07a5",
    "App": "blob:http://localhost:3000/09813d5d-a877-4ee9-a474-9143df6e07a5",
    "@/App": "blob:http://localhost:3000/09813d5d-a877-4ee9-a474-9143df6e07a5"
  }
} @ about:srcdoc:145
[  121011ms] [WARNING] An iframe which has both allow-scripts and allow-same-origin for its sandbox attribute can escape its sandboxing. @ about:srcdoc:0
[  121016ms] [WARNING] cdn.tailwindcss.com should not be used in production. To use Tailwind CSS in production, install it as a PostCSS plugin or use the Tailwind CLI: https://tailwindcss.com/docs/installation @ https://cdn.tailwindcss.com/:63
